18:47:45.764 [main                     ] DEBUG Logger               - Configured Logger
18:47:45.779 [main                     ] DEBUG GameApplication      - Logging settings
Title: Game JAVA
Version: 0.0
Width: 800
Height: 600
Fullscreen: false
Intro: false
Profiling: false
Single step:false
App Mode: DEVELOPER
Menu Key: ESCAPE
Stage Style: DECORATED
Scene Factory: class com.almasb.fxgl.app.scene.SceneFactory

18:47:46.028 [JavaFX Application Thread] DEBUG FXGLApplication      - Initializing FXGL
18:47:46.030 [JavaFX Application Thread] INFO  Engine               - FXGL-17.2 (20.08.2022 16.50) on MAC (J:19.0.2 FX:19)
18:47:46.030 [JavaFX Application Thread] DEBUG Engine               - JRE Vendor Name: Oracle Corporation
18:47:46.030 [JavaFX Application Thread] DEBUG Engine               - Running on OS: Mac OS X version 13.3
18:47:46.030 [JavaFX Application Thread] DEBUG Engine               - Architecture: aarch64
18:47:46.031 [JavaFX Application Thread] INFO  Engine               - Source code and latest versions at: https://github.com/AlmasB/FXGL
18:47:46.031 [JavaFX Application Thread] INFO  Engine               -       Ask questions and discuss at: https://github.com/AlmasB/FXGL/discussions
18:47:46.031 [JavaFX Application Thread] INFO  Engine               -              Join the FXGL chat at: https://gitter.im/AlmasB/FXGL
18:47:46.079 [JavaFX Application Thread] DEBUG PrimaryStageWindow   - Creating a JavaFX scene
18:47:46.100 [JavaFX Application Thread] DEBUG PrimaryStageWindow   - Target settings size: 800.0 x 600.0
18:47:46.101 [JavaFX Application Thread] DEBUG PrimaryStageWindow   - Scaled scene size:    800.0 x 600.0
18:47:46.101 [JavaFX Application Thread] DEBUG PrimaryStageWindow   - Scaled ratio: (1.0, 1.0)
18:47:46.101 [JavaFX Application Thread] DEBUG PrimaryStageWindow   - Set initial scene to FXGLStartupScene
18:47:46.103 [JavaFX Application Thread] DEBUG PrimaryStageWindow   - Opening main window
18:47:46.146 [JavaFX Application Thread] DEBUG PrimaryStageWindow   - Window border size: (0.0, 28.0)
18:47:46.146 [JavaFX Application Thread] DEBUG PrimaryStageWindow   - Scaled size: 800.0 x 600.0
18:47:46.146 [JavaFX Application Thread] DEBUG PrimaryStageWindow   - Scaled ratio: (1.0, 1.0)
18:47:46.146 [JavaFX Application Thread] DEBUG PrimaryStageWindow   - Scene size: 800.0 x 600.0
18:47:46.147 [JavaFX Application Thread] DEBUG PrimaryStageWindow   - Stage size: 800.0 x 628.0
18:47:46.149 [FXGL Background Thread 1 ] DEBUG Engine               - Initializing environment variables
18:47:46.177 [FXGL Background Thread 1 ] DEBUG FXGLAssetLoaderServi - User app class for loading assets: class com.engine.system.Main
18:47:46.178 [FXGL Background Thread 1 ] DEBUG GameApplicationServi - Applying CSS: fxgl_dark.css
18:47:46.178 [FXGL Background Thread 1 ] DEBUG FXGLAssetLoaderServi - Loading from file system: jar:file:///Users/ezequiel/.m2/repository/com/github/almasb/fxgl/17.2/fxgl-17.2.jar!/fxglassets/ui/css/fxgl_dark.css
18:47:46.200 [FXGL Background Thread 1 ] DEBUG GameApplicationServi - Initializing application scenes
18:47:46.251 [FXGL Background Thread 1 ] DEBUG GameWorld            - Game world initialized
18:47:46.278 [FXGL Background Thread 1 ] DEBUG PhysicsWorld         - Physics world initialized: appHeight=600, physics.ppm=50.0
18:47:46.278 [FXGL Background Thread 1 ] DEBUG PhysicsWorld         - Using strategy: BRUTE_FORCE
18:47:46.280 [FXGL Background Thread 1 ] DEBUG GameScene            - Game scene initialized: 800x600
18:47:46.286 [FXGL Background Thread 1 ] DEBUG FXGL.DefaultMenu     - createMenuBodyGameMenu()
18:47:46.296 [FXGL Background Thread 1 ] DEBUG FXGL.DefaultMenu     - createOptionsMenu()
18:47:46.303 [FXGL Background Thread 1 ] DEBUG FXGLAssetLoaderServi - Loading from file system: jar:file:///Users/ezequiel/.m2/repository/com/github/almasb/fxgl/17.2/fxgl-17.2.jar!/fxglassets/textures/particles/smoke.png
18:47:46.392 [FXGL Background Thread 1 ] DEBUG FXGLAssetLoaderServi - Loading from file system: jar:file:///Users/ezequiel/.m2/repository/com/github/almasb/fxgl/17.2/fxgl-17.2.jar!/fxglassets/textures/particles/trace_horizontal.png
18:47:46.415 [FXGL Background Thread 1 ] DEBUG GameApplicationServi - Application scenes initialized
18:47:46.427 [FXGL Background Thread 1 ] DEBUG SystemBundleService  - Loading FXGL system data
18:47:46.430 [FXGL Background Thread 1 ] DEBUG FileSystemAccess     - Reading from: /Users/ezequiel/IdeaProjects/Game/system/fxgl.bundle
18:47:46.435 [FXGL Background Thread 1 ] DEBUG SystemBundleService  - Bundle FXGL: {}
18:47:46.435 [FXGL Background Thread 1 ] DEBUG UpdaterService       - Checking for updates
18:47:46.438 [FXGL Background Thread 4 ] DEBUG FXGLApplication      - Loading fonts
18:47:46.439 [FXGL Background Thread 1 ] DEBUG FXGLApplication      - Loading default localization
18:47:46.439 [FXGL Background Thread 1 ] DEBUG FXGLAssetLoaderServi - Loading from file system: jar:file:///Users/ezequiel/.m2/repository/com/github/almasb/fxgl/17.2/fxgl-17.2.jar!/fxglassets/languages/english.lang
18:47:46.439 [FXGL Background Thread 4 ] DEBUG FXGLAssetLoaderServi - Loading from file system: jar:file:///Users/ezequiel/.m2/repository/com/github/almasb/fxgl/17.2/fxgl-17.2.jar!/fxglassets/ui/fonts/VarelaRound-Regular.ttf
18:47:46.446 [FXGL Background Thread 4 ] DEBUG FXGLAssetLoaderServi - Loading from file system: jar:file:///Users/ezequiel/.m2/repository/com/github/almasb/fxgl/17.2/fxgl-17.2.jar!/fxglassets/ui/fonts/Abel-Regular.ttf
18:47:46.447 [FXGL Background Thread 4 ] DEBUG FXGLAssetLoaderServi - Loading from file system: jar:file:///Users/ezequiel/.m2/repository/com/github/almasb/fxgl/17.2/fxgl-17.2.jar!/fxglassets/ui/fonts/TerminalLandMono-Regular.otf
18:47:46.450 [FXGL Background Thread 1 ] INFO  FXGLApplication      - FXGL initialization took: 0.301 sec
18:47:46.450 [FXGL Background Thread 4 ] DEBUG FXGLAssetLoaderServi - Loading from file system: jar:file:///Users/ezequiel/.m2/repository/com/github/almasb/fxgl/17.2/fxgl-17.2.jar!/fxglassets/ui/fonts/Courier-Prime.ttf
18:47:46.451 [JavaFX Application Thread] DEBUG FXGLAssetLoaderServi - Loading from file system: jar:file:///Users/ezequiel/.m2/repository/com/github/almasb/fxgl/17.2/fxgl-17.2.jar!/fxglassets/textures/fxgl_icon.png
18:47:46.467 [JavaFX Application Thread] DEBUG FXGLAssetLoaderServi - Loading from file system: jar:file:///Users/ezequiel/.m2/repository/com/github/almasb/fxgl/17.2/fxgl-17.2.jar!/fxglassets/textures/fxgl_default_cursor.png
18:47:46.472 [JavaFX Application Thread] DEBUG Input                - Registered new binding: Screenshot - CTRL+8
18:47:46.472 [JavaFX Application Thread] DEBUG Input                - Registered new binding: System info dump - CTRL+9
18:47:46.472 [JavaFX Application Thread] DEBUG Input                - Registered new binding: Restart - CTRL+R
18:47:46.472 [JavaFX Application Thread] DEBUG Input                - Registered new binding: Toggle Debug Camera - CTRL+7
18:47:46.473 [JavaFX Application Thread] DEBUG LoopRunner           - Starting loop
18:47:46.473 [JavaFX Application Thread] DEBUG LoopRunner           - Initializing JavaFX AnimationTimerLoop
18:47:46.474 [JavaFX Application Thread] DEBUG GameApplicationServi - Starting new game
18:47:46.474 [JavaFX Application Thread] DEBUG Input                - Clearing active input actions
18:47:46.478 [JavaFX Application Thread] DEBUG GameApplicationServi - Removing overlay from FXGLStartupScene and adding to FXGLLoadingScene
18:47:46.479 [JavaFX Application Thread] DEBUG PrimaryStageWindow   - FXGLStartupScene -> FXGLLoadingScene
18:47:46.479 [JavaFX Application Thread] DEBUG GameApplicationServi - Clearing previous game
18:47:46.479 [JavaFX Application Thread] DEBUG GameScene            - Clearing game scene
18:47:46.479 [JavaFX Application Thread] DEBUG GameWorld            - Clearing game world
18:47:46.479 [JavaFX Application Thread] DEBUG PhysicsWorld         - Clearing physics world
18:47:46.479 [FXGL Background Thread 4 ] DEBUG FXGLApplication      - Initializing game
18:47:46.481 [FXGL Background Thread 4 ] INFO  FXGLApplication      - Game initialization took: 0.001 sec
18:47:46.501 [JavaFX Application Thread] DEBUG FXGLApplication      - Registering font factories with UI factory
18:47:46.502 [JavaFX Application Thread] DEBUG Input                - Clearing active input actions
18:47:46.505 [JavaFX Application Thread] DEBUG GameApplicationServi - Removing overlay from FXGLLoadingScene and adding to GameScene
18:47:46.505 [JavaFX Application Thread] DEBUG PrimaryStageWindow   - FXGLLoadingScene -> GameScene
18:47:46.751 [FXGL Background Thread 2 ] INFO  UpdaterService       - Your current version:  17.2
18:47:46.751 [FXGL Background Thread 2 ] INFO  UpdaterService       - Latest stable version: 17.3
18:47:49.443 [FXGL Background Thread 3 ] DEBUG Engine               - Logging environment variables
18:47:49.445 [FXGL Background Thread 3 ] DEBUG Engine               - achievements: []
18:47:49.445 [FXGL Background Thread 3 ] DEBUG Engine               - actualHeight: 600.0
18:47:49.445 [FXGL Background Thread 3 ] DEBUG Engine               - actualHeightProperty: ReadOnlyDoubleProperty [value: 600.0]
18:47:49.445 [FXGL Background Thread 3 ] DEBUG Engine               - actualWidth: 800.0
18:47:49.446 [FXGL Background Thread 3 ] DEBUG Engine               - actualWidthProperty: ReadOnlyDoubleProperty [value: 800.0]
18:47:49.446 [FXGL Background Thread 3 ] DEBUG Engine               - appIcon: fxgl_icon.png
18:47:49.446 [FXGL Background Thread 3 ] DEBUG Engine               - applicationMode: DEVELOPER
18:47:49.446 [FXGL Background Thread 3 ] DEBUG Engine               - cSSList: [fxgl_dark.css]
18:47:49.446 [FXGL Background Thread 3 ] DEBUG Engine               - collisionDetectionStrategy: BRUTE_FORCE
18:47:49.446 [FXGL Background Thread 3 ] DEBUG Engine               - configClass: Optional.empty
18:47:49.447 [FXGL Background Thread 3 ] DEBUG Engine               - credits: []
18:47:49.447 [FXGL Background Thread 3 ] DEBUG Engine               - defaultCursor: CursorInfo(imageName=fxgl_default_cursor.png, hotspotX=7.0, hotspotY=6.0)
18:47:49.448 [FXGL Background Thread 3 ] DEBUG Engine               - devBBoxColorProperty: ObjectProperty [value: 0xff0000ff]
18:47:49.448 [FXGL Background Thread 3 ] DEBUG Engine               - devEnableDebugCameraProperty: BooleanProperty [value: false]
18:47:49.448 [FXGL Background Thread 3 ] DEBUG Engine               - devSensorColorProperty: ObjectProperty [value: 0xffff00ff]
18:47:49.448 [FXGL Background Thread 3 ] DEBUG Engine               - devShowBBoxProperty: BooleanProperty [value: false]
18:47:49.448 [FXGL Background Thread 3 ] DEBUG Engine               - devShowPositionProperty: BooleanProperty [value: false]
18:47:49.448 [FXGL Background Thread 3 ] DEBUG Engine               - enabledMenuItems: []
18:47:49.448 [FXGL Background Thread 3 ] DEBUG Engine               - engineServices: [class com.almasb.fxgl.app.services.FXGLAssetLoaderService, class com.almasb.fxgl.app.FXGLApplication$GameApplicationService, class com.almasb.fxgl.app.services.FXGLDialogService, class com.almasb.fxgl.app.services.IOTaskExecutorService, class com.almasb.fxgl.io.FileSystemService, class com.almasb.fxgl.localization.LocalizationService, class com.almasb.fxgl.app.services.SystemBundleService, class com.almasb.fxgl.profile.SaveLoadService, class com.almasb.fxgl.ui.FXGLUIFactoryServiceProvider, class com.almasb.fxgl.ui.FXGLDialogFactoryServiceProvider, class com.almasb.fxgl.audio.AudioPlayer, class com.almasb.fxgl.notification.impl.NotificationServiceProvider, class com.almasb.fxgl.achievement.AchievementService, class com.almasb.fxgl.cutscene.CutsceneService, class com.almasb.fxgl.minigames.MiniGameService, class com.almasb.fxgl.net.NetService, class com.almasb.fxgl.app.services.UpdaterService, class com.almasb.fxgl.dev.DevService]
18:47:49.448 [FXGL Background Thread 3 ] DEBUG Engine               - fontGame: Abel-Regular.ttf
18:47:49.448 [FXGL Background Thread 3 ] DEBUG Engine               - fontMono: TerminalLandMono-Regular.otf
18:47:49.449 [FXGL Background Thread 3 ] DEBUG Engine               - fontText: Courier-Prime.ttf
18:47:49.449 [FXGL Background Thread 3 ] DEBUG Engine               - fontUI: VarelaRound-Regular.ttf
18:47:49.449 [FXGL Background Thread 3 ] DEBUG Engine               - fullScreen: BooleanProperty [value: false]
18:47:49.449 [FXGL Background Thread 3 ] DEBUG Engine               - gameDifficulty: MEDIUM
18:47:49.449 [FXGL Background Thread 3 ] DEBUG Engine               - gameDifficultyProperty: ObjectProperty [value: MEDIUM]
18:47:49.449 [FXGL Background Thread 3 ] DEBUG Engine               - globalMusicVolume: 0.5
18:47:49.449 [FXGL Background Thread 3 ] DEBUG Engine               - globalMusicVolumeProperty: DoubleProperty [value: 0.5]
18:47:49.449 [FXGL Background Thread 3 ] DEBUG Engine               - globalSoundVolume: 0.5
18:47:49.449 [FXGL Background Thread 3 ] DEBUG Engine               - globalSoundVolumeProperty: DoubleProperty [value: 0.5]
18:47:49.449 [FXGL Background Thread 3 ] DEBUG Engine               - height: 600
18:47:49.449 [FXGL Background Thread 3 ] DEBUG Engine               - is3D: false
18:47:49.449 [FXGL Background Thread 3 ] DEBUG Engine               - isAndroid: false
18:47:49.450 [FXGL Background Thread 3 ] DEBUG Engine               - isBrowser: false
18:47:49.450 [FXGL Background Thread 3 ] DEBUG Engine               - isClickFeedbackEnabled: false
18:47:49.450 [FXGL Background Thread 3 ] DEBUG Engine               - isCloseConfirmation: false
18:47:49.450 [FXGL Background Thread 3 ] DEBUG Engine               - isDesktop: true
18:47:49.450 [FXGL Background Thread 3 ] DEBUG Engine               - isDeveloperMenuEnabled: false
18:47:49.450 [FXGL Background Thread 3 ] DEBUG Engine               - isEmbedded: false
18:47:49.450 [FXGL Background Thread 3 ] DEBUG Engine               - isEntityPreloadEnabled: true
18:47:49.450 [FXGL Background Thread 3 ] DEBUG Engine               - isExperimentalTiledLargeMap: false
18:47:49.450 [FXGL Background Thread 3 ] DEBUG Engine               - isFileSystemWriteAllowed: true
18:47:49.450 [FXGL Background Thread 3 ] DEBUG Engine               - isFullScreenAllowed: false
18:47:49.450 [FXGL Background Thread 3 ] DEBUG Engine               - isFullScreenFromStart: false
18:47:49.451 [FXGL Background Thread 3 ] DEBUG Engine               - isGameMenuEnabled: true
18:47:49.451 [FXGL Background Thread 3 ] DEBUG Engine               - isIOS: false
18:47:49.451 [FXGL Background Thread 3 ] DEBUG Engine               - isIntroEnabled: false
18:47:49.451 [FXGL Background Thread 3 ] DEBUG Engine               - isLinux: false
18:47:49.451 [FXGL Background Thread 3 ] DEBUG Engine               - isMac: true
18:47:49.451 [FXGL Background Thread 3 ] DEBUG Engine               - isMainMenuEnabled: false
18:47:49.451 [FXGL Background Thread 3 ] DEBUG Engine               - isManualResizeEnabled: false
18:47:49.451 [FXGL Background Thread 3 ] DEBUG Engine               - isMobile: false
18:47:49.451 [FXGL Background Thread 3 ] DEBUG Engine               - isNative: false
18:47:49.451 [FXGL Background Thread 3 ] DEBUG Engine               - isPauseMusicWhenMinimized: true
18:47:49.451 [FXGL Background Thread 3 ] DEBUG Engine               - isPreserveResizeRatio: false
18:47:49.451 [FXGL Background Thread 3 ] DEBUG Engine               - isProfilingEnabled: false
18:47:49.452 [FXGL Background Thread 3 ] DEBUG Engine               - isScaleAffectedOnResize: true
18:47:49.452 [FXGL Background Thread 3 ] DEBUG Engine               - isSingleStep: false
18:47:49.452 [FXGL Background Thread 3 ] DEBUG Engine               - isUserProfileEnabled: false
18:47:49.452 [FXGL Background Thread 3 ] DEBUG Engine               - isWindows: false
18:47:49.452 [FXGL Background Thread 3 ] DEBUG Engine               - language: ObjectProperty [value: ENGLISH]
18:47:49.452 [FXGL Background Thread 3 ] DEBUG Engine               - menuKey: ESCAPE
18:47:49.452 [FXGL Background Thread 3 ] DEBUG Engine               - mouseSensitivity: 0.2
18:47:49.452 [FXGL Background Thread 3 ] DEBUG Engine               - notificationViewClass: class com.almasb.fxgl.notification.view.XboxNotificationView
18:47:49.452 [FXGL Background Thread 3 ] DEBUG Engine               - pixelsPerMeter: 50.0
18:47:49.452 [FXGL Background Thread 3 ] DEBUG Engine               - platform: MAC
18:47:49.452 [FXGL Background Thread 3 ] DEBUG Engine               - prefHeightProperty: ReadOnlyDoubleProperty [value: 600.0]
18:47:49.452 [FXGL Background Thread 3 ] DEBUG Engine               - prefWidthProperty: ReadOnlyDoubleProperty [value: 800.0]
18:47:49.452 [FXGL Background Thread 3 ] DEBUG Engine               - profileDir: profiles/
18:47:49.453 [FXGL Background Thread 3 ] DEBUG Engine               - profileName: StringProperty [value: DEFAULT]
18:47:49.453 [FXGL Background Thread 3 ] DEBUG Engine               - randomSeed: -1
18:47:49.453 [FXGL Background Thread 3 ] DEBUG Engine               - runtimeInfo: RuntimeInfo(platform=MAC, version=17.2, build=20.08.2022 16.50)
18:47:49.453 [FXGL Background Thread 3 ] DEBUG Engine               - saveFileExt: sav
18:47:49.453 [FXGL Background Thread 3 ] DEBUG Engine               - scaledHeightProp$fxgl: DoubleProperty [bound, value: 600.0]
18:47:49.453 [FXGL Background Thread 3 ] DEBUG Engine               - scaledWidthProp$fxgl: DoubleProperty [bound, value: 800.0]
18:47:49.453 [FXGL Background Thread 3 ] DEBUG Engine               - sceneFactory: com.almasb.fxgl.app.scene.SceneFactory@b52b80b
18:47:49.454 [FXGL Background Thread 3 ] DEBUG Engine               - secondsIn24h: 60
18:47:49.454 [FXGL Background Thread 3 ] DEBUG Engine               - soundMenuBack: menu/back.wav
18:47:49.454 [FXGL Background Thread 3 ] DEBUG Engine               - soundMenuPress: menu/press.wav
18:47:49.454 [FXGL Background Thread 3 ] DEBUG Engine               - soundMenuSelect: menu/select.wav
18:47:49.454 [FXGL Background Thread 3 ] DEBUG Engine               - soundNotification: core/notification.wav
18:47:49.454 [FXGL Background Thread 3 ] DEBUG Engine               - stageStyle: DECORATED
18:47:49.454 [FXGL Background Thread 3 ] DEBUG Engine               - supportedLanguages: [ENGLISH, FRENCH, GERMAN, HUNGARIAN, RUSSIAN]
18:47:49.454 [FXGL Background Thread 3 ] DEBUG Engine               - ticksPerSecond: -1
18:47:49.454 [FXGL Background Thread 3 ] DEBUG Engine               - title: Game JAVA
18:47:49.454 [FXGL Background Thread 3 ] DEBUG Engine               - urlGithub: https://github.com/AlmasB/FXGL
18:47:49.454 [FXGL Background Thread 3 ] DEBUG Engine               - urlLeaderboard: http://fxgl-top.herokuapp.com/
18:47:49.454 [FXGL Background Thread 3 ] DEBUG Engine               - urlPOM: https://raw.githubusercontent.com/AlmasB/FXGL/release/README.md
18:47:49.454 [FXGL Background Thread 3 ] DEBUG Engine               - userAppClass: class com.engine.system.Main
18:47:49.454 [FXGL Background Thread 3 ] DEBUG Engine               - version: 0.0
18:47:49.454 [FXGL Background Thread 3 ] DEBUG Engine               - versionCheckDays: 7
18:47:49.454 [FXGL Background Thread 3 ] DEBUG Engine               - width: 800
18:47:49.455 [FXGL Background Thread 3 ] DEBUG Engine               - Logging services
18:47:49.455 [FXGL Background Thread 3 ] DEBUG Engine               - class com.almasb.fxgl.app.services.FXGLAssetLoaderService
18:47:49.455 [FXGL Background Thread 3 ] DEBUG Engine               - class com.almasb.fxgl.app.FXGLApplication$GameApplicationService
18:47:49.455 [FXGL Background Thread 3 ] DEBUG Engine               - class com.almasb.fxgl.app.services.FXGLDialogService
18:47:49.455 [FXGL Background Thread 3 ] DEBUG Engine               - class com.almasb.fxgl.app.services.IOTaskExecutorService
18:47:49.455 [FXGL Background Thread 3 ] DEBUG Engine               - class com.almasb.fxgl.io.FileSystemService
18:47:49.455 [FXGL Background Thread 3 ] DEBUG Engine               - class com.almasb.fxgl.localization.LocalizationService
18:47:49.455 [FXGL Background Thread 3 ] DEBUG Engine               - class com.almasb.fxgl.app.services.SystemBundleService
18:47:49.455 [FXGL Background Thread 3 ] DEBUG Engine               - class com.almasb.fxgl.profile.SaveLoadService
18:47:49.455 [FXGL Background Thread 3 ] DEBUG Engine               - class com.almasb.fxgl.ui.FXGLUIFactoryServiceProvider
18:47:49.455 [FXGL Background Thread 3 ] DEBUG Engine               - class com.almasb.fxgl.ui.FXGLDialogFactoryServiceProvider
18:47:49.455 [FXGL Background Thread 3 ] DEBUG Engine               - class com.almasb.fxgl.audio.AudioPlayer
18:47:49.455 [FXGL Background Thread 3 ] DEBUG Engine               - class com.almasb.fxgl.notification.impl.NotificationServiceProvider
18:47:49.455 [FXGL Background Thread 3 ] DEBUG Engine               - class com.almasb.fxgl.achievement.AchievementService
18:47:49.455 [FXGL Background Thread 3 ] DEBUG Engine               - class com.almasb.fxgl.cutscene.CutsceneService
18:47:49.455 [FXGL Background Thread 3 ] DEBUG Engine               - class com.almasb.fxgl.minigames.MiniGameService
18:47:49.455 [FXGL Background Thread 3 ] DEBUG Engine               - class com.almasb.fxgl.net.NetService
18:47:49.456 [FXGL Background Thread 3 ] DEBUG Engine               - class com.almasb.fxgl.app.services.UpdaterService
18:47:49.456 [FXGL Background Thread 3 ] DEBUG Engine               - class com.almasb.fxgl.dev.DevService
18:47:50.465 [JavaFX Application Thread] DEBUG FXGLApplication      - Exiting FXGL
18:47:50.466 [JavaFX Application Thread] DEBUG LoopRunner           - Stopping loop
18:47:50.466 [JavaFX Application Thread] DEBUG SystemBundleService  - Saving FXGL system data
18:47:50.469 [JavaFX Application Thread] DEBUG FileSystemAccess     - Writing to: /Users/ezequiel/IdeaProjects/Game/system/fxgl.bundle
18:47:50.474 [JavaFX Application Thread] DEBUG Async                - Shutting down background threads
18:47:50.474 [JavaFX Application Thread] DEBUG PrimaryStageWindow   - Closing main window
18:47:50.483 [JavaFX Application Thread] DEBUG Logger               - Closing Logger
